tensor([[  0.4180,  -0.2747,  -0.1945,  -0.1971,  -0.1234],
        [  0.4150,  -0.2848,  -0.1924,  -0.1946,  -0.1263],
        [  0.4147,  -0.2881,  -0.1903,  -0.1967,  -0.1288],
        [  0.7300,  -0.4719,  -0.4477,  -0.3714,  -0.2820],
        [  0.5803,  -0.3762,  -0.3372,  -0.2847,  -0.2079],
        [  0.4260,  -0.2909,  -0.1991,  -0.2003,  -0.1284],
        [  2.3512,  -1.8917,  -2.0439,  -3.0683,  -2.3995],
        [  2.6781,  -1.9812,  -2.0715,  -3.8851,  -2.9663],
        [  0.6646,  -0.4321,  -0.3942,  -0.3345,  -0.2473],
        [  0.5788,  -0.3699,  -0.3300,  -0.2838,  -0.2020],
        [  0.6211,  -0.3927,  -0.3655,  -0.3062,  -0.2154],
        [  0.7372,  -0.4747,  -0.4527,  -0.3742,  -0.2917],
        [  0.6331,  -0.4010,  -0.3709,  -0.3115,  -0.2245],
        [  0.7507,  -0.4762,  -0.4540,  -0.3828,  -0.2813],
        [  0.4446,  -0.3021,  -0.2126,  -0.2119,  -0.1385],
        [  7.1812,  -5.7602,  -6.5295, -12.2858,  -9.3803],
        [  2.3929,  -1.7762,  -1.7160,  -3.3385,  -2.3597],
        [  0.7705,  -0.4863,  -0.4825,  -0.4035,  -0.2987],
        [  0.8321,  -0.5288,  -0.5238,  -0.4322,  -0.3684],
        [  1.6126,  -1.0485,  -1.1240,  -1.7568,  -1.3994],
        [  1.2720,  -0.7451,  -0.7258,  -0.7942,  -0.6973],
        [  0.9537,  -0.5957,  -0.6150,  -0.5158,  -0.4234],
        [  0.7985,  -0.5127,  -0.4953,  -0.4088,  -0.3135],
        [  0.4318,  -0.2956,  -0.2021,  -0.2029,  -0.1320],
        [  0.4815,  -0.3110,  -0.2426,  -0.2323,  -0.1477],
        [  0.4733,  -0.3125,  -0.2356,  -0.2359,  -0.1543],
        [  0.8252,  -0.5152,  -0.5252,  -0.4299,  -0.3220],
        [  0.8390,  -0.5304,  -0.5397,  -0.4214,  -0.3538],
        [  0.4359,  -0.2775,  -0.2046,  -0.2061,  -0.1291],
        [  0.5803,  -0.3709,  -0.3379,  -0.2823,  -0.1990],
        [  0.6598,  -0.4259,  -0.3825,  -0.3345,  -0.2460],
        [  0.4609,  -0.2983,  -0.2245,  -0.2203,  -0.1408],
        [  0.4282,  -0.2906,  -0.2009,  -0.2021,  -0.1306],
        [  0.5999,  -0.3810,  -0.3539,  -0.2952,  -0.2065],
        [  0.6904,  -0.4492,  -0.4123,  -0.3497,  -0.2633],
        [  0.4691,  -0.3025,  -0.2299,  -0.2255,  -0.1450],
        [  0.4205,  -0.2795,  -0.1974,  -0.1985,  -0.1257],
        [  0.4047,  -0.2713,  -0.1869,  -0.1907,  -0.1203],
        [  0.6347,  -0.4059,  -0.3782,  -0.3176,  -0.2290],
        [  0.6071,  -0.3901,  -0.3519,  -0.2976,  -0.2180],
        [  0.4358,  -0.2845,  -0.2069,  -0.2062,  -0.1303],
        [  0.4250,  -0.2905,  -0.1973,  -0.1996,  -0.1285],
        [  0.6918,  -0.4488,  -0.4152,  -0.3499,  -0.2647],
        [  0.5883,  -0.3824,  -0.3363,  -0.2881,  -0.2052],
        [  1.7343,  -1.2394,  -1.2918,  -2.1926,  -1.7076],
        [  0.9431,  -0.5424,  -0.5632,  -0.4908,  -0.4215],
        [  0.7532,  -0.4838,  -0.4609,  -0.3838,  -0.2829],
        [  0.4709,  -0.3081,  -0.2339,  -0.2269,  -0.1468],
        [  0.4157,  -0.2773,  -0.1936,  -0.1956,  -0.1242],
        [  0.4147,  -0.2854,  -0.1918,  -0.1948,  -0.1268],
        [  0.4186,  -0.2865,  -0.1925,  -0.1972,  -0.1269],
        [  0.6564,  -0.4154,  -0.3988,  -0.3266,  -0.2390],
        [  0.7238,  -0.4600,  -0.4332,  -0.3636,  -0.2721],
        [  0.4998,  -0.3172,  -0.2523,  -0.2481,  -0.1613],
        [  0.7308,  -0.4650,  -0.4545,  -0.3721,  -0.2961],
        [  0.7700,  -0.4839,  -0.4777,  -0.3901,  -0.2855],
        [  0.5447,  -0.3500,  -0.2895,  -0.2813,  -0.2007],
        [  0.6622,  -0.4187,  -0.3663,  -0.3522,  -0.2583],
        [  0.4301,  -0.2879,  -0.2079,  -0.2079,  -0.1298],
        [  0.4215,  -0.2880,  -0.1948,  -0.1982,  -0.1271],
        [  0.8336,  -0.5437,  -0.5342,  -0.4303,  -0.3489],
        [  1.4072,  -0.8109,  -0.7863,  -1.0383,  -0.8363],
        [  1.2652,  -0.7313,  -0.7624,  -0.9093,  -0.7059],
        [  1.1889,  -0.7292,  -0.8032,  -0.6161,  -0.5132]],
       grad_fn=<AddmmBackward0>)
torch.Size([64, 5])
tensor([[0., 0., 0., 1., 0.],
        [0., 0., 0., 1., 0.],
        [0., 0., 0., 1., 0.],
        [0., 0., 0., 1., 0.],
        [0., 0., 0., 1., 0.],
        [0., 0., 0., 1., 0.],
        [1., 0., 0., 0., 0.],
        [1., 0., 0., 0., 0.],
        [1., 0., 0., 0., 0.],
        [1., 0., 0., 0., 0.],
        [1., 0., 0., 0., 0.],
        [1., 0., 0., 0., 0.],
        [1., 0., 0., 0., 0.],
        [1., 0., 0., 0., 0.],
        [1., 0., 0., 0., 0.],
        [0., 1., 0., 0., 0.],
        [0., 1., 0., 0., 0.],
        [0., 1., 0., 0., 0.],
        [0., 1., 0., 0., 0.],
        [0., 1., 0., 0., 0.],
        [0., 1., 0., 0., 0.],
        [0., 1., 0., 0., 0.],
        [0., 1., 0., 0., 0.],
        [0., 1., 0., 0., 0.],
        [1., 0., 0., 0., 0.],
        [1., 0., 0., 0., 0.],
        [1., 0., 0., 0., 0.],
        [1., 0., 0., 0., 0.],
        [1., 0., 0., 0., 0.],
        [1., 0., 0., 0., 0.],
        [1., 0., 0., 0., 0.],
        [1., 0., 0., 0., 0.],
        [1., 0., 0., 0., 0.],
        [0., 1., 0., 0., 0.],
        [0., 1., 0., 0., 0.],
        [0., 1., 0., 0., 0.],
        [0., 1., 0., 0., 0.],
        [0., 1., 0., 0., 0.],
        [0., 1., 0., 0., 0.],
        [0., 1., 0., 0., 0.],
        [0., 1., 0., 0., 0.],
        [0., 1., 0., 0., 0.],
        [1., 0., 0., 0., 0.],
        [1., 0., 0., 0., 0.],
        [1., 0., 0., 0., 0.],
        [1., 0., 0., 0., 0.],
        [1., 0., 0., 0., 0.],
        [1., 0., 0., 0., 0.],
        [1., 0., 0., 0., 0.],
        [1., 0., 0., 0., 0.],
        [1., 0., 0., 0., 0.],
        [0., 0., 0., 1., 0.],
        [0., 0., 0., 1., 0.],
        [0., 0., 0., 1., 0.],
        [0., 0., 0., 1., 0.],
        [0., 0., 0., 1., 0.],
        [0., 0., 0., 1., 0.],
        [0., 0., 0., 1., 0.],
        [0., 0., 0., 1., 0.],
        [0., 0., 0., 1., 0.],
        [1., 0., 0., 0., 0.],
        [1., 0., 0., 0., 0.],
        [1., 0., 0., 0., 0.],
        [1., 0., 0., 0., 0.]])
torch.Size([64, 5])